\BOOKMARK [0][-]{chapter.1}{\376\377\000E\000i\000n\000l\000e\000i\000t\000u\000n\000g}{}% 1
\BOOKMARK [1][-]{section.1.1}{\376\377\000U\000n\000t\000e\000r\000k\000a\000p\000i\000t\000e\000l\000\040\0001}{chapter.1}% 2
\BOOKMARK [2][-]{subsection.1.1.1}{\376\377\000U\000n\000t\000e\000r\000u\000n\000t\000e\000r\000k\000a\000p\000i\000t\000e\000l\000\040\0001}{section.1.1}% 3
\BOOKMARK [2][-]{subsection.1.1.2}{\376\377\000U\000n\000t\000e\000r\000u\000n\000t\000e\000r\000k\000a\000p\000i\000t\000e\000l\000\040\0002}{section.1.1}% 4
\BOOKMARK [1][-]{section.1.2}{\376\377\000U\000n\000t\000e\000r\000k\000a\000p\000i\000t\000e\000l\000\040\0002}{chapter.1}% 5
\BOOKMARK [1][-]{section.1.3}{\376\377\000U\000n\000t\000e\000r\000k\000a\000p\000i\000t\000e\000l\000\040\0003}{chapter.1}% 6
\BOOKMARK [0][-]{chapter.2}{\376\377\000K\000a\000p\000i\000t\000e\000l\000\040\0001}{}% 7
\BOOKMARK [1][-]{section.2.1}{\376\377\000U\000n\000t\000e\000r\000k\000a\000p\000i\000t\000e\000l\000\040\0001}{chapter.2}% 8
\BOOKMARK [1][-]{section.2.2}{\376\377\000U\000n\000t\000e\000r\000k\000a\000p\000i\000t\000e\000l\000\040\0002}{chapter.2}% 9
\BOOKMARK [1][-]{section.2.3}{\376\377\000U\000n\000t\000e\000r\000k\000a\000p\000i\000t\000e\000l\000\040\0003}{chapter.2}% 10
\BOOKMARK [0][-]{chapter.3}{\376\377\000K\000a\000p\000i\000t\000e\000l\000\040\0001}{}% 11
\BOOKMARK [1][-]{section.3.1}{\376\377\000U\000n\000t\000e\000r\000k\000a\000p\000i\000t\000e\000l\000\040\0001}{chapter.3}% 12
\BOOKMARK [1][-]{section.3.2}{\376\377\000U\000n\000t\000e\000r\000k\000a\000p\000i\000t\000e\000l\000\040\0002}{chapter.3}% 13
\BOOKMARK [1][-]{section.3.3}{\376\377\000U\000n\000t\000e\000r\000k\000a\000p\000i\000t\000e\000l\000\040\0003}{chapter.3}% 14
\BOOKMARK [0][-]{chapter.4}{\376\377\000K\000a\000p\000i\000t\000e\000l\000\040\0001}{}% 15
\BOOKMARK [1][-]{section.4.1}{\376\377\000U\000n\000t\000e\000r\000k\000a\000p\000i\000t\000e\000l\000\040\0001}{chapter.4}% 16
\BOOKMARK [1][-]{section.4.2}{\376\377\000U\000n\000t\000e\000r\000k\000a\000p\000i\000t\000e\000l\000\040\0002}{chapter.4}% 17
\BOOKMARK [1][-]{section.4.3}{\376\377\000U\000n\000t\000e\000r\000k\000a\000p\000i\000t\000e\000l\000\040\0003}{chapter.4}% 18
\BOOKMARK [0][-]{chapter.5}{\376\377\000F\000a\000z\000i\000t}{}% 19
\BOOKMARK [1][-]{section.5.1}{\376\377\000U\000n\000t\000e\000r\000k\000a\000p\000i\000t\000e\000l\000\040\0001}{chapter.5}% 20
\BOOKMARK [1][-]{section.5.2}{\376\377\000U\000n\000t\000e\000r\000k\000a\000p\000i\000t\000e\000l\000\040\0002}{chapter.5}% 21
\BOOKMARK [1][-]{section.5.3}{\376\377\000U\000n\000t\000e\000r\000k\000a\000p\000i\000t\000e\000l\000\040\0003}{chapter.5}% 22
\BOOKMARK [0][-]{section*.2}{\376\377\000A\000n\000h\000a\000n\000g}{}% 23
